2015-05-28 00:01 [ INFO]             ContextLoader:   285 - Root WebApplicationContext: initialization started
2015-05-28 00:01 [ INFO]  XmlWebApplicationContext:   510 - Refreshing Root WebApplicationContext: startup date [Thu May 28 00:01:06 EEST 2015]; root of context hierarchy
2015-05-28 00:01 [ INFO]   XmlBeanDefinitionReader:   317 - Loading XML bean definitions from ServletContext resource [/WEB-INF/applicationContext.xml]
2015-05-28 00:01 [ INFO]   XmlBeanDefinitionReader:   317 - Loading XML bean definitions from ServletContext resource [/WEB-INF/hibernate.xml]
2015-05-28 00:01 [ INFO]   XmlBeanDefinitionReader:   317 - Loading XML bean definitions from ServletContext resource [/WEB-INF/service.xml]
2015-05-28 00:01 [ INFO] PropertyPlaceholderConfigurer:   172 - Loading properties file from ServletContext resource [/WEB-INF/db.properties]
2015-05-28 00:01 [ INFO]                      MLog:    92 - MLog clients using log4j logging.
2015-05-28 00:01 [ INFO]              C3P0Registry:   216 - Initializing c3p0-0.9.2.1 [built 20-March-2013 10:47:27 +0000; debug? true; trace: 10]
2015-05-28 00:01 [ INFO]                   Version:    37 - HCANN000001: Hibernate Commons Annotations {4.0.2.Final}
2015-05-28 00:01 [ INFO]                   Version:    41 - HHH000412: Hibernate Core {4.2.7.Final}
2015-05-28 00:01 [ INFO]               Environment:   238 - HHH000206: hibernate.properties not found
2015-05-28 00:01 [ INFO]               Environment:   345 - HHH000021: Bytecode provider name : javassist
2015-05-28 00:01 [ INFO] AbstractPoolBackedDataSource:   522 - Initializing c3p0 pool... com.mchange.v2.c3p0.ComboPooledDataSource [ acquireIncrement -> 3, acquireRetryAttempts -> 30, acquireRetryDelay -> 1000, autoCommitOnClose -> false, automaticTestTable -> null, breakAfterAcquireFailure -> false, checkoutTimeout -> 0, connectionCustomizerClassName -> null, connectionTesterClassName -> com.mchange.v2.c3p0.impl.DefaultConnectionTester, dataSourceName -> 1hge15q9915y2z0w1i8qbis|149a97f, debugUnreturnedConnectionStackTraces -> false, description -> null, driverClass -> com.mysql.jdbc.Driver, factoryClassLocation -> null, forceIgnoreUnresolvedTransactions -> false, identityToken -> 1hge15q9915y2z0w1i8qbis|149a97f, idleConnectionTestPeriod -> 0, initialPoolSize -> 3, jdbcUrl -> jdbc:mysql://localhost/hmtdb, maxAdministrativeTaskTime -> 0, maxConnectionAge -> 0, maxIdleTime -> 0, maxIdleTimeExcessConnections -> 0, maxPoolSize -> 15, maxStatements -> 0, maxStatementsPerConnection -> 0, minPoolSize -> 3, numHelperThreads -> 3, preferredTestQuery -> null, properties -> {user=******, password=******}, propertyCycle -> 0, statementCacheNumDeferredCloseThreads -> 0, testConnectionOnCheckin -> false, testConnectionOnCheckout -> true, unreturnedConnectionTimeout -> 0, userOverrides -> {}, usesTraditionalReflectiveProxies -> false ]
2015-05-28 00:01 [ INFO]                   Dialect:   130 - HHH000400: Using dialect: org.hibernate.dialect.MySQL5Dialect
2015-05-28 00:01 [ INFO]         LobCreatorBuilder:    94 - HHH000423: Disabling contextual LOB creation as JDBC driver reported JDBC version [3] less than 4
2015-05-28 00:01 [ INFO] TransactionFactoryInitiator:    68 - HHH000399: Using default transaction strategy (direct JDBC transactions)
2015-05-28 00:01 [ INFO] ASTQueryTranslatorFactory:    48 - HHH000397: Using ASTQueryTranslatorFactory
2015-05-28 00:01 [ INFO]          PojoInstantiator:    85 - HHH000182: No default (no-argument) constructor for class: ua.laposhko.hmt.entity.Country (class must be instantiated by Interceptor)
2015-05-28 00:01 [ INFO]              SchemaUpdate:   182 - HHH000228: Running hbm2ddl schema update
2015-05-28 00:01 [ INFO]              SchemaUpdate:   193 - HHH000102: Fetching database metadata
2015-05-28 00:01 [ INFO]              SchemaUpdate:   205 - HHH000396: Updating schema
2015-05-28 00:01 [ INFO]             TableMetadata:    65 - HHH000261: Table found: hmtdb.answer
2015-05-28 00:01 [ INFO]             TableMetadata:    66 - HHH000037: Columns: [id, text, user_id, date, question_id]
2015-05-28 00:01 [ INFO]             TableMetadata:    68 - HHH000108: Foreign keys: [fk_answer_user, fk_answer_question]
2015-05-28 00:01 [ INFO]             TableMetadata:    69 - HHH000126: Indexes: [primary, fk_answer_user, fk_answer_question]
2015-05-28 00:01 [ INFO]             TableMetadata:    65 - HHH000261: Table found: hmtdb.city
2015-05-28 00:01 [ INFO]             TableMetadata:    66 - HHH000037: Columns: [id, name, country_id, photo]
2015-05-28 00:01 [ INFO]             TableMetadata:    68 - HHH000108: Foreign keys: [fk_city_country]
2015-05-28 00:01 [ INFO]             TableMetadata:    69 - HHH000126: Indexes: [primary, fk_city_country]
2015-05-28 00:01 [ INFO]             TableMetadata:    65 - HHH000261: Table found: hmtdb.comment
2015-05-28 00:01 [ INFO]             TableMetadata:    66 - HHH000037: Columns: [id, place_id, text, user_id]
2015-05-28 00:01 [ INFO]             TableMetadata:    68 - HHH000108: Foreign keys: [fk_comment_user, fk_comment_place]
2015-05-28 00:01 [ INFO]             TableMetadata:    69 - HHH000126: Indexes: [primary, fk_comment_user, fk_comment_place]
2015-05-28 00:01 [ INFO]             TableMetadata:    65 - HHH000261: Table found: hmtdb.country
2015-05-28 00:01 [ INFO]             TableMetadata:    66 - HHH000037: Columns: [id, name]
2015-05-28 00:01 [ INFO]             TableMetadata:    68 - HHH000108: Foreign keys: []
2015-05-28 00:01 [ INFO]             TableMetadata:    69 - HHH000126: Indexes: [primary]
2015-05-28 00:01 [ INFO]             TableMetadata:    65 - HHH000261: Table found: hmtdb.place
2015-05-28 00:01 [ INFO]             TableMetadata:    66 - HHH000037: Columns: [city_id, id, description, name, user_id, user, photo, city]
2015-05-28 00:01 [ INFO]             TableMetadata:    68 - HHH000108: Foreign keys: [fk_place_user, fk_place_city]
2015-05-28 00:01 [ INFO]             TableMetadata:    69 - HHH000126: Indexes: [primary, fk_place_user, fk_place_city]
2015-05-28 00:01 [ INFO]             TableMetadata:    65 - HHH000261: Table found: hmtdb.question
2015-05-28 00:01 [ INFO]             TableMetadata:    66 - HHH000037: Columns: [city_id, id, text, userid, user_id, date, header]
2015-05-28 00:01 [ INFO]             TableMetadata:    68 - HHH000108: Foreign keys: [fk_question_city, fk_question_user]
2015-05-28 00:01 [ INFO]             TableMetadata:    69 - HHH000126: Indexes: [fk_question_city, primary, fk_question_user]
2015-05-28 00:01 [ INFO]             TableMetadata:    65 - HHH000261: Table found: hmtdb.sex
2015-05-28 00:01 [ INFO]             TableMetadata:    66 - HHH000037: Columns: [id, name]
2015-05-28 00:01 [ INFO]             TableMetadata:    68 - HHH000108: Foreign keys: []
2015-05-28 00:01 [ INFO]             TableMetadata:    69 - HHH000126: Indexes: [primary]
2015-05-28 00:01 [ INFO]             TableMetadata:    65 - HHH000261: Table found: hmtdb.user
2015-05-28 00:01 [ INFO]             TableMetadata:    66 - HHH000037: Columns: [id, first_name, about_me, sex_id, country_id, last_name, lastname, login, firstname, photo, password, city]
2015-05-28 00:01 [ INFO]             TableMetadata:    68 - HHH000108: Foreign keys: [fk_user_sex, fk_user_country]
2015-05-28 00:01 [ INFO]             TableMetadata:    69 - HHH000126: Indexes: [fk_user_sex, primary, fk_user_country]
2015-05-28 00:01 [ INFO]             TableMetadata:    65 - HHH000261: Table found: hmtdb.user_city
2015-05-28 00:01 [ INFO]             TableMetadata:    66 - HHH000037: Columns: [city_id, id, userid, user_id, cityid]
2015-05-28 00:01 [ INFO]             TableMetadata:    68 - HHH000108: Foreign keys: [fk__user, fk__city]
2015-05-28 00:01 [ INFO]             TableMetadata:    69 - HHH000126: Indexes: [fk__user, fk__city, primary]
2015-05-28 00:01 [ INFO]              SchemaUpdate:   242 - HHH000232: Schema update complete
2015-05-28 00:01 [DEBUG]               UserService:    25 - UserService is created...
2015-05-28 00:01 [DEBUG]               UserService:    31 - Injecting session factory...org.hibernate.internal.SessionFactoryImpl@c93d19
2015-05-28 00:01 [DEBUG]            CityWebService:    52 - Setting country service to city web servicenull
2015-05-28 00:01 [DEBUG]            CityWebService:    63 - Setting user city service to city web service ua.laposhko.hmt.service.usercity.UserCityService@70bcfc
2015-05-28 00:01 [DEBUG]            CityWebService:    58 - Setting user service to city web serviceua.laposhko.hmt.service.user.UserService@1875e43
2015-05-28 00:01 [ INFO] HibernateTransactionManager:   360 - Using DataSource [com.mchange.v2.c3p0.ComboPooledDataSource [ acquireIncrement -> 3, acquireRetryAttempts -> 30, acquireRetryDelay -> 1000, autoCommitOnClose -> false, automaticTestTable -> null, breakAfterAcquireFailure -> false, checkoutTimeout -> 0, connectionCustomizerClassName -> null, connectionTesterClassName -> com.mchange.v2.c3p0.impl.DefaultConnectionTester, dataSourceName -> 1hge15q9915y2z0w1i8qbis|149a97f, debugUnreturnedConnectionStackTraces -> false, description -> null, driverClass -> com.mysql.jdbc.Driver, factoryClassLocation -> null, forceIgnoreUnresolvedTransactions -> false, identityToken -> 1hge15q9915y2z0w1i8qbis|149a97f, idleConnectionTestPeriod -> 0, initialPoolSize -> 3, jdbcUrl -> jdbc:mysql://localhost/hmtdb, maxAdministrativeTaskTime -> 0, maxConnectionAge -> 0, maxIdleTime -> 0, maxIdleTimeExcessConnections -> 0, maxPoolSize -> 15, maxStatements -> 0, maxStatementsPerConnection -> 0, minPoolSize -> 3, numHelperThreads -> 3, preferredTestQuery -> null, properties -> {user=******, password=******}, propertyCycle -> 0, statementCacheNumDeferredCloseThreads -> 0, testConnectionOnCheckin -> false, testConnectionOnCheckout -> true, unreturnedConnectionTimeout -> 0, userOverrides -> {}, usesTraditionalReflectiveProxies -> false ]] of Hibernate SessionFactory for HibernateTransactionManager
2015-05-28 00:01 [ INFO]             ContextLoader:   325 - Root WebApplicationContext: initialization completed in 7098 ms
2015-05-28 00:01 [DEBUG]                ImageSaver:   116 - Image folder is set to M:\Универ\Archive\5 семестр\АППО\HelpMeTravel\aoeu\src\main\webapp\
2015-05-28 00:01 [ INFO]           ContextListener:    40 - image is set to M:\Универ\Archive\5 семестр\АППО\HelpMeTravel\aoeu\src\main\webapp\img\
2015-05-28 00:01 [DEBUG]            CityWebService:    78 - Prociding cityAll command.
2015-05-28 00:01 [DEBUG]            CityWebService:    79 - The country service is: null
2015-05-28 00:04 [ INFO]             ContextLoader:   285 - Root WebApplicationContext: initialization started
2015-05-28 00:04 [ INFO]  XmlWebApplicationContext:   510 - Refreshing Root WebApplicationContext: startup date [Thu May 28 00:04:22 EEST 2015]; root of context hierarchy
2015-05-28 00:04 [ INFO]   XmlBeanDefinitionReader:   317 - Loading XML bean definitions from ServletContext resource [/WEB-INF/applicationContext.xml]
2015-05-28 00:04 [ INFO]   XmlBeanDefinitionReader:   317 - Loading XML bean definitions from ServletContext resource [/WEB-INF/hibernate.xml]
2015-05-28 00:04 [ INFO]   XmlBeanDefinitionReader:   317 - Loading XML bean definitions from ServletContext resource [/WEB-INF/service.xml]
2015-05-28 00:04 [ INFO] PropertyPlaceholderConfigurer:   172 - Loading properties file from ServletContext resource [/WEB-INF/db.properties]
2015-05-28 00:04 [ INFO]                      MLog:    92 - MLog clients using log4j logging.
2015-05-28 00:04 [ INFO]              C3P0Registry:   216 - Initializing c3p0-0.9.2.1 [built 20-March-2013 10:47:27 +0000; debug? true; trace: 10]
2015-05-28 00:04 [ INFO]                   Version:    37 - HCANN000001: Hibernate Commons Annotations {4.0.2.Final}
2015-05-28 00:04 [ INFO]                   Version:    41 - HHH000412: Hibernate Core {4.2.7.Final}
2015-05-28 00:04 [ INFO]               Environment:   238 - HHH000206: hibernate.properties not found
2015-05-28 00:04 [ INFO]               Environment:   345 - HHH000021: Bytecode provider name : javassist
2015-05-28 00:04 [ INFO] AbstractPoolBackedDataSource:   522 - Initializing c3p0 pool... com.mchange.v2.c3p0.ComboPooledDataSource [ acquireIncrement -> 3, acquireRetryAttempts -> 30, acquireRetryDelay -> 1000, autoCommitOnClose -> false, automaticTestTable -> null, breakAfterAcquireFailure -> false, checkoutTimeout -> 0, connectionCustomizerClassName -> null, connectionTesterClassName -> com.mchange.v2.c3p0.impl.DefaultConnectionTester, dataSourceName -> 1hge15q9915y75m510wnumq|4caa92, debugUnreturnedConnectionStackTraces -> false, description -> null, driverClass -> com.mysql.jdbc.Driver, factoryClassLocation -> null, forceIgnoreUnresolvedTransactions -> false, identityToken -> 1hge15q9915y75m510wnumq|4caa92, idleConnectionTestPeriod -> 0, initialPoolSize -> 3, jdbcUrl -> jdbc:mysql://localhost/hmtdb, maxAdministrativeTaskTime -> 0, maxConnectionAge -> 0, maxIdleTime -> 0, maxIdleTimeExcessConnections -> 0, maxPoolSize -> 15, maxStatements -> 0, maxStatementsPerConnection -> 0, minPoolSize -> 3, numHelperThreads -> 3, preferredTestQuery -> null, properties -> {user=******, password=******}, propertyCycle -> 0, statementCacheNumDeferredCloseThreads -> 0, testConnectionOnCheckin -> false, testConnectionOnCheckout -> true, unreturnedConnectionTimeout -> 0, userOverrides -> {}, usesTraditionalReflectiveProxies -> false ]
2015-05-28 00:04 [ INFO]                   Dialect:   130 - HHH000400: Using dialect: org.hibernate.dialect.MySQL5Dialect
2015-05-28 00:04 [ INFO]         LobCreatorBuilder:    94 - HHH000423: Disabling contextual LOB creation as JDBC driver reported JDBC version [3] less than 4
2015-05-28 00:04 [ INFO] TransactionFactoryInitiator:    68 - HHH000399: Using default transaction strategy (direct JDBC transactions)
2015-05-28 00:04 [ INFO] ASTQueryTranslatorFactory:    48 - HHH000397: Using ASTQueryTranslatorFactory
2015-05-28 00:04 [ INFO]          PojoInstantiator:    85 - HHH000182: No default (no-argument) constructor for class: ua.laposhko.hmt.entity.Country (class must be instantiated by Interceptor)
2015-05-28 00:04 [ INFO]              SchemaUpdate:   182 - HHH000228: Running hbm2ddl schema update
2015-05-28 00:04 [ INFO]              SchemaUpdate:   193 - HHH000102: Fetching database metadata
2015-05-28 00:04 [ INFO]              SchemaUpdate:   205 - HHH000396: Updating schema
2015-05-28 00:04 [ INFO]             TableMetadata:    65 - HHH000261: Table found: hmtdb.answer
2015-05-28 00:04 [ INFO]             TableMetadata:    66 - HHH000037: Columns: [id, text, user_id, date, question_id]
2015-05-28 00:04 [ INFO]             TableMetadata:    68 - HHH000108: Foreign keys: [fk_answer_user, fk_answer_question]
2015-05-28 00:04 [ INFO]             TableMetadata:    69 - HHH000126: Indexes: [primary, fk_answer_user, fk_answer_question]
2015-05-28 00:04 [ INFO]             TableMetadata:    65 - HHH000261: Table found: hmtdb.city
2015-05-28 00:04 [ INFO]             TableMetadata:    66 - HHH000037: Columns: [id, name, country_id, photo]
2015-05-28 00:04 [ INFO]             TableMetadata:    68 - HHH000108: Foreign keys: [fk_city_country]
2015-05-28 00:04 [ INFO]             TableMetadata:    69 - HHH000126: Indexes: [primary, fk_city_country]
2015-05-28 00:04 [ INFO]             TableMetadata:    65 - HHH000261: Table found: hmtdb.comment
2015-05-28 00:04 [ INFO]             TableMetadata:    66 - HHH000037: Columns: [id, place_id, text, user_id]
2015-05-28 00:04 [ INFO]             TableMetadata:    68 - HHH000108: Foreign keys: [fk_comment_user, fk_comment_place]
2015-05-28 00:04 [ INFO]             TableMetadata:    69 - HHH000126: Indexes: [primary, fk_comment_user, fk_comment_place]
2015-05-28 00:04 [ INFO]             TableMetadata:    65 - HHH000261: Table found: hmtdb.country
2015-05-28 00:04 [ INFO]             TableMetadata:    66 - HHH000037: Columns: [id, name]
2015-05-28 00:04 [ INFO]             TableMetadata:    68 - HHH000108: Foreign keys: []
2015-05-28 00:04 [ INFO]             TableMetadata:    69 - HHH000126: Indexes: [primary]
2015-05-28 00:04 [ INFO]             TableMetadata:    65 - HHH000261: Table found: hmtdb.place
2015-05-28 00:04 [ INFO]             TableMetadata:    66 - HHH000037: Columns: [city_id, id, description, name, user_id, user, photo, city]
2015-05-28 00:04 [ INFO]             TableMetadata:    68 - HHH000108: Foreign keys: [fk_place_user, fk_place_city]
2015-05-28 00:04 [ INFO]             TableMetadata:    69 - HHH000126: Indexes: [primary, fk_place_user, fk_place_city]
2015-05-28 00:04 [ INFO]             TableMetadata:    65 - HHH000261: Table found: hmtdb.question
2015-05-28 00:04 [ INFO]             TableMetadata:    66 - HHH000037: Columns: [city_id, id, text, userid, user_id, date, header]
2015-05-28 00:04 [ INFO]             TableMetadata:    68 - HHH000108: Foreign keys: [fk_question_city, fk_question_user]
2015-05-28 00:04 [ INFO]             TableMetadata:    69 - HHH000126: Indexes: [fk_question_city, primary, fk_question_user]
2015-05-28 00:04 [ INFO]             TableMetadata:    65 - HHH000261: Table found: hmtdb.sex
2015-05-28 00:04 [ INFO]             TableMetadata:    66 - HHH000037: Columns: [id, name]
2015-05-28 00:04 [ INFO]             TableMetadata:    68 - HHH000108: Foreign keys: []
2015-05-28 00:04 [ INFO]             TableMetadata:    69 - HHH000126: Indexes: [primary]
2015-05-28 00:04 [ INFO]             TableMetadata:    65 - HHH000261: Table found: hmtdb.user
2015-05-28 00:04 [ INFO]             TableMetadata:    66 - HHH000037: Columns: [id, first_name, about_me, sex_id, country_id, last_name, lastname, login, firstname, photo, password, city]
2015-05-28 00:04 [ INFO]             TableMetadata:    68 - HHH000108: Foreign keys: [fk_user_sex, fk_user_country]
2015-05-28 00:04 [ INFO]             TableMetadata:    69 - HHH000126: Indexes: [fk_user_sex, primary, fk_user_country]
2015-05-28 00:04 [ INFO]             TableMetadata:    65 - HHH000261: Table found: hmtdb.user_city
2015-05-28 00:04 [ INFO]             TableMetadata:    66 - HHH000037: Columns: [city_id, id, userid, user_id, cityid]
2015-05-28 00:04 [ INFO]             TableMetadata:    68 - HHH000108: Foreign keys: [fk__user, fk__city]
2015-05-28 00:04 [ INFO]             TableMetadata:    69 - HHH000126: Indexes: [fk__user, fk__city, primary]
2015-05-28 00:04 [ INFO]              SchemaUpdate:   242 - HHH000232: Schema update complete
2015-05-28 00:04 [DEBUG]               UserService:    25 - UserService is created...
2015-05-28 00:04 [DEBUG]               UserService:    31 - Injecting session factory...org.hibernate.internal.SessionFactoryImpl@1e89ee3
2015-05-28 00:04 [DEBUG]            CityWebService:    58 - Setting user service to city web serviceua.laposhko.hmt.service.user.UserService@1a11e37
2015-05-28 00:04 [DEBUG]            CityWebService:    52 - Setting country service to city web serviceua.laposhko.hmt.service.country.CountryService@c6cb76
2015-05-28 00:04 [DEBUG]            CityWebService:    63 - Setting user city service to city web service ua.laposhko.hmt.service.usercity.UserCityService@157d861
2015-05-28 00:04 [ INFO] HibernateTransactionManager:   360 - Using DataSource [com.mchange.v2.c3p0.ComboPooledDataSource [ acquireIncrement -> 3, acquireRetryAttempts -> 30, acquireRetryDelay -> 1000, autoCommitOnClose -> false, automaticTestTable -> null, breakAfterAcquireFailure -> false, checkoutTimeout -> 0, connectionCustomizerClassName -> null, connectionTesterClassName -> com.mchange.v2.c3p0.impl.DefaultConnectionTester, dataSourceName -> 1hge15q9915y75m510wnumq|4caa92, debugUnreturnedConnectionStackTraces -> false, description -> null, driverClass -> com.mysql.jdbc.Driver, factoryClassLocation -> null, forceIgnoreUnresolvedTransactions -> false, identityToken -> 1hge15q9915y75m510wnumq|4caa92, idleConnectionTestPeriod -> 0, initialPoolSize -> 3, jdbcUrl -> jdbc:mysql://localhost/hmtdb, maxAdministrativeTaskTime -> 0, maxConnectionAge -> 0, maxIdleTime -> 0, maxIdleTimeExcessConnections -> 0, maxPoolSize -> 15, maxStatements -> 0, maxStatementsPerConnection -> 0, minPoolSize -> 3, numHelperThreads -> 3, preferredTestQuery -> null, properties -> {user=******, password=******}, propertyCycle -> 0, statementCacheNumDeferredCloseThreads -> 0, testConnectionOnCheckin -> false, testConnectionOnCheckout -> true, unreturnedConnectionTimeout -> 0, userOverrides -> {}, usesTraditionalReflectiveProxies -> false ]] of Hibernate SessionFactory for HibernateTransactionManager
2015-05-28 00:04 [ INFO]             ContextLoader:   325 - Root WebApplicationContext: initialization completed in 5630 ms
2015-05-28 00:04 [DEBUG]                ImageSaver:   116 - Image folder is set to M:\Универ\Archive\5 семестр\АППО\HelpMeTravel\aoeu\src\main\webapp\
2015-05-28 00:04 [ INFO]           ContextListener:    40 - image is set to M:\Универ\Archive\5 семестр\АППО\HelpMeTravel\aoeu\src\main\webapp\img\
2015-05-28 00:04 [DEBUG]            CityWebService:    78 - Prociding cityAll command.
2015-05-28 00:04 [DEBUG]            CityWebService:    79 - The country service is: null
2015-05-28 00:09 [ INFO]             ContextLoader:   285 - Root WebApplicationContext: initialization started
2015-05-28 00:09 [ INFO]  XmlWebApplicationContext:   510 - Refreshing Root WebApplicationContext: startup date [Thu May 28 00:09:24 EEST 2015]; root of context hierarchy
2015-05-28 00:09 [ INFO]   XmlBeanDefinitionReader:   317 - Loading XML bean definitions from ServletContext resource [/WEB-INF/applicationContext.xml]
2015-05-28 00:09 [ INFO]   XmlBeanDefinitionReader:   317 - Loading XML bean definitions from ServletContext resource [/WEB-INF/hibernate.xml]
2015-05-28 00:09 [ INFO]   XmlBeanDefinitionReader:   317 - Loading XML bean definitions from ServletContext resource [/WEB-INF/service.xml]
2015-05-28 00:09 [ INFO] PropertyPlaceholderConfigurer:   172 - Loading properties file from ServletContext resource [/WEB-INF/db.properties]
2015-05-28 00:09 [ INFO]                      MLog:    92 - MLog clients using log4j logging.
2015-05-28 00:09 [ INFO]              C3P0Registry:   216 - Initializing c3p0-0.9.2.1 [built 20-March-2013 10:47:27 +0000; debug? true; trace: 10]
2015-05-28 00:09 [ INFO]                   Version:    37 - HCANN000001: Hibernate Commons Annotations {4.0.2.Final}
2015-05-28 00:09 [ INFO]                   Version:    41 - HHH000412: Hibernate Core {4.2.7.Final}
2015-05-28 00:09 [ INFO]               Environment:   238 - HHH000206: hibernate.properties not found
2015-05-28 00:09 [ INFO]               Environment:   345 - HHH000021: Bytecode provider name : javassist
2015-05-28 00:09 [ INFO] AbstractPoolBackedDataSource:   522 - Initializing c3p0 pool... com.mchange.v2.c3p0.ComboPooledDataSource [ acquireIncrement -> 3, acquireRetryAttempts -> 30, acquireRetryDelay -> 1000, autoCommitOnClose -> false, automaticTestTable -> null, breakAfterAcquireFailure -> false, checkoutTimeout -> 0, connectionCustomizerClassName -> null, connectionTesterClassName -> com.mchange.v2.c3p0.impl.DefaultConnectionTester, dataSourceName -> 1hge15q9915ydnbyivft9s|451879, debugUnreturnedConnectionStackTraces -> false, description -> null, driverClass -> com.mysql.jdbc.Driver, factoryClassLocation -> null, forceIgnoreUnresolvedTransactions -> false, identityToken -> 1hge15q9915ydnbyivft9s|451879, idleConnectionTestPeriod -> 0, initialPoolSize -> 3, jdbcUrl -> jdbc:mysql://localhost/hmtdb, maxAdministrativeTaskTime -> 0, maxConnectionAge -> 0, maxIdleTime -> 0, maxIdleTimeExcessConnections -> 0, maxPoolSize -> 15, maxStatements -> 0, maxStatementsPerConnection -> 0, minPoolSize -> 3, numHelperThreads -> 3, preferredTestQuery -> null, properties -> {user=******, password=******}, propertyCycle -> 0, statementCacheNumDeferredCloseThreads -> 0, testConnectionOnCheckin -> false, testConnectionOnCheckout -> true, unreturnedConnectionTimeout -> 0, userOverrides -> {}, usesTraditionalReflectiveProxies -> false ]
2015-05-28 00:09 [ INFO]                   Dialect:   130 - HHH000400: Using dialect: org.hibernate.dialect.MySQL5Dialect
2015-05-28 00:09 [ INFO]         LobCreatorBuilder:    94 - HHH000423: Disabling contextual LOB creation as JDBC driver reported JDBC version [3] less than 4
2015-05-28 00:09 [ INFO] TransactionFactoryInitiator:    68 - HHH000399: Using default transaction strategy (direct JDBC transactions)
2015-05-28 00:09 [ INFO] ASTQueryTranslatorFactory:    48 - HHH000397: Using ASTQueryTranslatorFactory
2015-05-28 00:09 [ INFO]          PojoInstantiator:    85 - HHH000182: No default (no-argument) constructor for class: ua.laposhko.hmt.entity.Country (class must be instantiated by Interceptor)
2015-05-28 00:09 [ INFO]              SchemaUpdate:   182 - HHH000228: Running hbm2ddl schema update
2015-05-28 00:09 [ INFO]              SchemaUpdate:   193 - HHH000102: Fetching database metadata
2015-05-28 00:09 [ INFO]              SchemaUpdate:   205 - HHH000396: Updating schema
2015-05-28 00:09 [ INFO]             TableMetadata:    65 - HHH000261: Table found: hmtdb.answer
2015-05-28 00:09 [ INFO]             TableMetadata:    66 - HHH000037: Columns: [id, text, user_id, date, question_id]
2015-05-28 00:09 [ INFO]             TableMetadata:    68 - HHH000108: Foreign keys: [fk_answer_user, fk_answer_question]
2015-05-28 00:09 [ INFO]             TableMetadata:    69 - HHH000126: Indexes: [primary, fk_answer_user, fk_answer_question]
2015-05-28 00:09 [ INFO]             TableMetadata:    65 - HHH000261: Table found: hmtdb.city
2015-05-28 00:09 [ INFO]             TableMetadata:    66 - HHH000037: Columns: [id, name, country_id, photo]
2015-05-28 00:09 [ INFO]             TableMetadata:    68 - HHH000108: Foreign keys: [fk_city_country]
2015-05-28 00:09 [ INFO]             TableMetadata:    69 - HHH000126: Indexes: [primary, fk_city_country]
2015-05-28 00:09 [ INFO]             TableMetadata:    65 - HHH000261: Table found: hmtdb.comment
2015-05-28 00:09 [ INFO]             TableMetadata:    66 - HHH000037: Columns: [id, place_id, text, user_id]
2015-05-28 00:09 [ INFO]             TableMetadata:    68 - HHH000108: Foreign keys: [fk_comment_user, fk_comment_place]
2015-05-28 00:09 [ INFO]             TableMetadata:    69 - HHH000126: Indexes: [primary, fk_comment_user, fk_comment_place]
2015-05-28 00:09 [ INFO]             TableMetadata:    65 - HHH000261: Table found: hmtdb.country
2015-05-28 00:09 [ INFO]             TableMetadata:    66 - HHH000037: Columns: [id, name]
2015-05-28 00:09 [ INFO]             TableMetadata:    68 - HHH000108: Foreign keys: []
2015-05-28 00:09 [ INFO]             TableMetadata:    69 - HHH000126: Indexes: [primary]
2015-05-28 00:09 [ INFO]             TableMetadata:    65 - HHH000261: Table found: hmtdb.place
2015-05-28 00:09 [ INFO]             TableMetadata:    66 - HHH000037: Columns: [city_id, id, description, name, user_id, user, photo, city]
2015-05-28 00:09 [ INFO]             TableMetadata:    68 - HHH000108: Foreign keys: [fk_place_user, fk_place_city]
2015-05-28 00:09 [ INFO]             TableMetadata:    69 - HHH000126: Indexes: [primary, fk_place_user, fk_place_city]
2015-05-28 00:09 [ INFO]             TableMetadata:    65 - HHH000261: Table found: hmtdb.question
2015-05-28 00:09 [ INFO]             TableMetadata:    66 - HHH000037: Columns: [city_id, id, text, userid, user_id, date, header]
2015-05-28 00:09 [ INFO]             TableMetadata:    68 - HHH000108: Foreign keys: [fk_question_city, fk_question_user]
2015-05-28 00:09 [ INFO]             TableMetadata:    69 - HHH000126: Indexes: [fk_question_city, primary, fk_question_user]
2015-05-28 00:09 [ INFO]             TableMetadata:    65 - HHH000261: Table found: hmtdb.sex
2015-05-28 00:09 [ INFO]             TableMetadata:    66 - HHH000037: Columns: [id, name]
2015-05-28 00:09 [ INFO]             TableMetadata:    68 - HHH000108: Foreign keys: []
2015-05-28 00:09 [ INFO]             TableMetadata:    69 - HHH000126: Indexes: [primary]
2015-05-28 00:09 [ INFO]             TableMetadata:    65 - HHH000261: Table found: hmtdb.user
2015-05-28 00:09 [ INFO]             TableMetadata:    66 - HHH000037: Columns: [id, first_name, about_me, sex_id, country_id, last_name, lastname, login, firstname, photo, password, city]
2015-05-28 00:09 [ INFO]             TableMetadata:    68 - HHH000108: Foreign keys: [fk_user_sex, fk_user_country]
2015-05-28 00:09 [ INFO]             TableMetadata:    69 - HHH000126: Indexes: [fk_user_sex, primary, fk_user_country]
2015-05-28 00:09 [ INFO]             TableMetadata:    65 - HHH000261: Table found: hmtdb.user_city
2015-05-28 00:09 [ INFO]             TableMetadata:    66 - HHH000037: Columns: [city_id, id, userid, user_id, cityid]
2015-05-28 00:09 [ INFO]             TableMetadata:    68 - HHH000108: Foreign keys: [fk__user, fk__city]
2015-05-28 00:09 [ INFO]             TableMetadata:    69 - HHH000126: Indexes: [fk__user, fk__city, primary]
2015-05-28 00:09 [ INFO]              SchemaUpdate:   242 - HHH000232: Schema update complete
2015-05-28 00:09 [DEBUG]               UserService:    25 - UserService is created...
2015-05-28 00:09 [DEBUG]               UserService:    31 - Injecting session factory...org.hibernate.internal.SessionFactoryImpl@d2ff33
2015-05-28 00:09 [DEBUG]            CityWebService:    62 - Setting user service to city web serviceua.laposhko.hmt.service.user.UserService@14efefb
2015-05-28 00:09 [DEBUG]            CityWebService:    67 - Setting user city service to city web service ua.laposhko.hmt.service.usercity.UserCityService@1464098
2015-05-28 00:09 [DEBUG]            CityWebService:    55 - Setting country service to city web serviceua.laposhko.hmt.service.country.CountryService@13af334
2015-05-28 00:09 [DEBUG]            CityWebService:    56 - Id : -2132948883
2015-05-28 00:09 [ INFO] HibernateTransactionManager:   360 - Using DataSource [com.mchange.v2.c3p0.ComboPooledDataSource [ acquireIncrement -> 3, acquireRetryAttempts -> 30, acquireRetryDelay -> 1000, autoCommitOnClose -> false, automaticTestTable -> null, breakAfterAcquireFailure -> false, checkoutTimeout -> 0, connectionCustomizerClassName -> null, connectionTesterClassName -> com.mchange.v2.c3p0.impl.DefaultConnectionTester, dataSourceName -> 1hge15q9915ydnbyivft9s|451879, debugUnreturnedConnectionStackTraces -> false, description -> null, driverClass -> com.mysql.jdbc.Driver, factoryClassLocation -> null, forceIgnoreUnresolvedTransactions -> false, identityToken -> 1hge15q9915ydnbyivft9s|451879, idleConnectionTestPeriod -> 0, initialPoolSize -> 3, jdbcUrl -> jdbc:mysql://localhost/hmtdb, maxAdministrativeTaskTime -> 0, maxConnectionAge -> 0, maxIdleTime -> 0, maxIdleTimeExcessConnections -> 0, maxPoolSize -> 15, maxStatements -> 0, maxStatementsPerConnection -> 0, minPoolSize -> 3, numHelperThreads -> 3, preferredTestQuery -> null, properties -> {user=******, password=******}, propertyCycle -> 0, statementCacheNumDeferredCloseThreads -> 0, testConnectionOnCheckin -> false, testConnectionOnCheckout -> true, unreturnedConnectionTimeout -> 0, userOverrides -> {}, usesTraditionalReflectiveProxies -> false ]] of Hibernate SessionFactory for HibernateTransactionManager
2015-05-28 00:09 [ INFO]             ContextLoader:   325 - Root WebApplicationContext: initialization completed in 6772 ms
2015-05-28 00:09 [DEBUG]                ImageSaver:   116 - Image folder is set to M:\Универ\Archive\5 семестр\АППО\HelpMeTravel\aoeu\src\main\webapp\
2015-05-28 00:09 [ INFO]           ContextListener:    40 - image is set to M:\Универ\Archive\5 семестр\АППО\HelpMeTravel\aoeu\src\main\webapp\img\
2015-05-28 00:09 [DEBUG]            CityWebService:    82 - Prociding cityAll command. with id: -843437587
2015-05-28 00:09 [DEBUG]            CityWebService:    83 - The country service is: null
2015-05-28 00:15 [DEBUG]                ImageSaver:   116 - Image folder is set to M:\Универ\Archive\5 семестр\АППО\HelpMeTravel\aoeu\src\main\webapp\
2015-05-28 00:15 [ INFO]           ContextListener:    49 - image is set to M:\Универ\Archive\5 семестр\АППО\HelpMeTravel\aoeu\src\main\webapp\img\
2015-05-28 00:15 [ INFO]             ContextLoader:   285 - Root WebApplicationContext: initialization started
2015-05-28 00:15 [ INFO]  XmlWebApplicationContext:   510 - Refreshing Root WebApplicationContext: startup date [Thu May 28 00:15:53 EEST 2015]; root of context hierarchy
2015-05-28 00:15 [ INFO]   XmlBeanDefinitionReader:   317 - Loading XML bean definitions from ServletContext resource [/WEB-INF/applicationContext.xml]
2015-05-28 00:15 [ INFO]   XmlBeanDefinitionReader:   317 - Loading XML bean definitions from ServletContext resource [/WEB-INF/hibernate.xml]
2015-05-28 00:15 [ INFO]   XmlBeanDefinitionReader:   317 - Loading XML bean definitions from ServletContext resource [/WEB-INF/service.xml]
2015-05-28 00:15 [ INFO] PropertyPlaceholderConfigurer:   172 - Loading properties file from ServletContext resource [/WEB-INF/db.properties]
2015-05-28 00:15 [ INFO]                      MLog:    92 - MLog clients using log4j logging.
2015-05-28 00:15 [ INFO]              C3P0Registry:   216 - Initializing c3p0-0.9.2.1 [built 20-March-2013 10:47:27 +0000; debug? true; trace: 10]
2015-05-28 00:15 [ INFO]                   Version:    37 - HCANN000001: Hibernate Commons Annotations {4.0.2.Final}
2015-05-28 00:15 [ INFO]                   Version:    41 - HHH000412: Hibernate Core {4.2.7.Final}
2015-05-28 00:15 [ INFO]               Environment:   238 - HHH000206: hibernate.properties not found
2015-05-28 00:15 [ INFO]               Environment:   345 - HHH000021: Bytecode provider name : javassist
2015-05-28 00:15 [ INFO] AbstractPoolBackedDataSource:   522 - Initializing c3p0 pool... com.mchange.v2.c3p0.ComboPooledDataSource [ acquireIncrement -> 3, acquireRetryAttempts -> 30, acquireRetryDelay -> 1000, autoCommitOnClose -> false, automaticTestTable -> null, breakAfterAcquireFailure -> false, checkoutTimeout -> 0, connectionCustomizerClassName -> null, connectionTesterClassName -> com.mchange.v2.c3p0.impl.DefaultConnectionTester, dataSourceName -> 1hge15q9915ylz9511yr0yg|ee6d79, debugUnreturnedConnectionStackTraces -> false, description -> null, driverClass -> com.mysql.jdbc.Driver, factoryClassLocation -> null, forceIgnoreUnresolvedTransactions -> false, identityToken -> 1hge15q9915ylz9511yr0yg|ee6d79, idleConnectionTestPeriod -> 0, initialPoolSize -> 3, jdbcUrl -> jdbc:mysql://localhost/hmtdb, maxAdministrativeTaskTime -> 0, maxConnectionAge -> 0, maxIdleTime -> 0, maxIdleTimeExcessConnections -> 0, maxPoolSize -> 15, maxStatements -> 0, maxStatementsPerConnection -> 0, minPoolSize -> 3, numHelperThreads -> 3, preferredTestQuery -> null, properties -> {user=******, password=******}, propertyCycle -> 0, statementCacheNumDeferredCloseThreads -> 0, testConnectionOnCheckin -> false, testConnectionOnCheckout -> true, unreturnedConnectionTimeout -> 0, userOverrides -> {}, usesTraditionalReflectiveProxies -> false ]
2015-05-28 00:15 [ INFO]                   Dialect:   130 - HHH000400: Using dialect: org.hibernate.dialect.MySQL5Dialect
2015-05-28 00:15 [ INFO]         LobCreatorBuilder:    94 - HHH000423: Disabling contextual LOB creation as JDBC driver reported JDBC version [3] less than 4
2015-05-28 00:15 [ INFO] TransactionFactoryInitiator:    68 - HHH000399: Using default transaction strategy (direct JDBC transactions)
2015-05-28 00:15 [ INFO] ASTQueryTranslatorFactory:    48 - HHH000397: Using ASTQueryTranslatorFactory
2015-05-28 00:15 [ INFO]          PojoInstantiator:    85 - HHH000182: No default (no-argument) constructor for class: ua.laposhko.hmt.entity.Country (class must be instantiated by Interceptor)
2015-05-28 00:15 [ INFO]              SchemaUpdate:   182 - HHH000228: Running hbm2ddl schema update
2015-05-28 00:15 [ INFO]              SchemaUpdate:   193 - HHH000102: Fetching database metadata
2015-05-28 00:15 [ INFO]              SchemaUpdate:   205 - HHH000396: Updating schema
2015-05-28 00:15 [ INFO]             TableMetadata:    65 - HHH000261: Table found: hmtdb.answer
2015-05-28 00:15 [ INFO]             TableMetadata:    66 - HHH000037: Columns: [id, text, user_id, date, question_id]
2015-05-28 00:15 [ INFO]             TableMetadata:    68 - HHH000108: Foreign keys: [fk_answer_user, fk_answer_question]
2015-05-28 00:15 [ INFO]             TableMetadata:    69 - HHH000126: Indexes: [primary, fk_answer_user, fk_answer_question]
2015-05-28 00:15 [ INFO]             TableMetadata:    65 - HHH000261: Table found: hmtdb.city
2015-05-28 00:15 [ INFO]             TableMetadata:    66 - HHH000037: Columns: [id, name, country_id, photo]
2015-05-28 00:15 [ INFO]             TableMetadata:    68 - HHH000108: Foreign keys: [fk_city_country]
2015-05-28 00:15 [ INFO]             TableMetadata:    69 - HHH000126: Indexes: [primary, fk_city_country]
2015-05-28 00:15 [ INFO]             TableMetadata:    65 - HHH000261: Table found: hmtdb.comment
2015-05-28 00:15 [ INFO]             TableMetadata:    66 - HHH000037: Columns: [id, place_id, text, user_id]
2015-05-28 00:15 [ INFO]             TableMetadata:    68 - HHH000108: Foreign keys: [fk_comment_user, fk_comment_place]
2015-05-28 00:15 [ INFO]             TableMetadata:    69 - HHH000126: Indexes: [primary, fk_comment_user, fk_comment_place]
2015-05-28 00:15 [ INFO]             TableMetadata:    65 - HHH000261: Table found: hmtdb.country
2015-05-28 00:15 [ INFO]             TableMetadata:    66 - HHH000037: Columns: [id, name]
2015-05-28 00:15 [ INFO]             TableMetadata:    68 - HHH000108: Foreign keys: []
2015-05-28 00:15 [ INFO]             TableMetadata:    69 - HHH000126: Indexes: [primary]
2015-05-28 00:15 [ INFO]             TableMetadata:    65 - HHH000261: Table found: hmtdb.place
2015-05-28 00:15 [ INFO]             TableMetadata:    66 - HHH000037: Columns: [city_id, id, description, name, user_id, user, photo, city]
2015-05-28 00:15 [ INFO]             TableMetadata:    68 - HHH000108: Foreign keys: [fk_place_user, fk_place_city]
2015-05-28 00:15 [ INFO]             TableMetadata:    69 - HHH000126: Indexes: [primary, fk_place_user, fk_place_city]
2015-05-28 00:15 [ INFO]             TableMetadata:    65 - HHH000261: Table found: hmtdb.question
2015-05-28 00:15 [ INFO]             TableMetadata:    66 - HHH000037: Columns: [city_id, id, text, userid, user_id, date, header]
2015-05-28 00:15 [ INFO]             TableMetadata:    68 - HHH000108: Foreign keys: [fk_question_city, fk_question_user]
2015-05-28 00:15 [ INFO]             TableMetadata:    69 - HHH000126: Indexes: [fk_question_city, primary, fk_question_user]
2015-05-28 00:15 [ INFO]             TableMetadata:    65 - HHH000261: Table found: hmtdb.sex
2015-05-28 00:15 [ INFO]             TableMetadata:    66 - HHH000037: Columns: [id, name]
2015-05-28 00:15 [ INFO]             TableMetadata:    68 - HHH000108: Foreign keys: []
2015-05-28 00:15 [ INFO]             TableMetadata:    69 - HHH000126: Indexes: [primary]
2015-05-28 00:15 [ INFO]             TableMetadata:    65 - HHH000261: Table found: hmtdb.user
2015-05-28 00:15 [ INFO]             TableMetadata:    66 - HHH000037: Columns: [id, first_name, about_me, sex_id, country_id, last_name, lastname, login, firstname, photo, password, city]
2015-05-28 00:15 [ INFO]             TableMetadata:    68 - HHH000108: Foreign keys: [fk_user_sex, fk_user_country]
2015-05-28 00:15 [ INFO]             TableMetadata:    69 - HHH000126: Indexes: [fk_user_sex, primary, fk_user_country]
2015-05-28 00:15 [ INFO]             TableMetadata:    65 - HHH000261: Table found: hmtdb.user_city
2015-05-28 00:15 [ INFO]             TableMetadata:    66 - HHH000037: Columns: [city_id, id, userid, user_id, cityid]
2015-05-28 00:15 [ INFO]             TableMetadata:    68 - HHH000108: Foreign keys: [fk__user, fk__city]
2015-05-28 00:15 [ INFO]             TableMetadata:    69 - HHH000126: Indexes: [fk__user, fk__city, primary]
2015-05-28 00:15 [ INFO]              SchemaUpdate:   242 - HHH000232: Schema update complete
2015-05-28 00:15 [DEBUG]               UserService:    25 - UserService is created...
2015-05-28 00:15 [DEBUG]               UserService:    31 - Injecting session factory...org.hibernate.internal.SessionFactoryImpl@139d7c4
2015-05-28 00:15 [DEBUG]            CityWebService:    62 - Setting user service to city web serviceua.laposhko.hmt.service.user.UserService@e5b57b
2015-05-28 00:15 [DEBUG]            CityWebService:    55 - Setting country service to city web serviceua.laposhko.hmt.service.country.CountryService@edc5ad
2015-05-28 00:15 [DEBUG]            CityWebService:    56 - Id : 1417946357
2015-05-28 00:15 [DEBUG]            CityWebService:    67 - Setting user city service to city web service ua.laposhko.hmt.service.usercity.UserCityService@4d20ee
2015-05-28 00:16 [ INFO] HibernateTransactionManager:   360 - Using DataSource [com.mchange.v2.c3p0.ComboPooledDataSource [ acquireIncrement -> 3, acquireRetryAttempts -> 30, acquireRetryDelay -> 1000, autoCommitOnClose -> false, automaticTestTable -> null, breakAfterAcquireFailure -> false, checkoutTimeout -> 0, connectionCustomizerClassName -> null, connectionTesterClassName -> com.mchange.v2.c3p0.impl.DefaultConnectionTester, dataSourceName -> 1hge15q9915ylz9511yr0yg|ee6d79, debugUnreturnedConnectionStackTraces -> false, description -> null, driverClass -> com.mysql.jdbc.Driver, factoryClassLocation -> null, forceIgnoreUnresolvedTransactions -> false, identityToken -> 1hge15q9915ylz9511yr0yg|ee6d79, idleConnectionTestPeriod -> 0, initialPoolSize -> 3, jdbcUrl -> jdbc:mysql://localhost/hmtdb, maxAdministrativeTaskTime -> 0, maxConnectionAge -> 0, maxIdleTime -> 0, maxIdleTimeExcessConnections -> 0, maxPoolSize -> 15, maxStatements -> 0, maxStatementsPerConnection -> 0, minPoolSize -> 3, numHelperThreads -> 3, preferredTestQuery -> null, properties -> {user=******, password=******}, propertyCycle -> 0, statementCacheNumDeferredCloseThreads -> 0, testConnectionOnCheckin -> false, testConnectionOnCheckout -> true, unreturnedConnectionTimeout -> 0, userOverrides -> {}, usesTraditionalReflectiveProxies -> false ]] of Hibernate SessionFactory for HibernateTransactionManager
2015-05-28 00:16 [ INFO]             ContextLoader:   325 - Root WebApplicationContext: initialization completed in 7008 ms
2015-05-28 00:16 [DEBUG]            CityWebService:    82 - Prociding cityAll command. with id: 528290677
2015-05-28 00:16 [DEBUG]            CityWebService:    83 - The country service is: null
2015-05-28 08:43 [DEBUG]                ImageSaver:   116 - Image folder is set to M:\Универ\Archive\5 семестр\АППО\HelpMeTravel\aoeu\src\main\webapp\
2015-05-28 08:43 [ INFO]           ContextListener:    49 - image is set to M:\Универ\Archive\5 семестр\АППО\HelpMeTravel\aoeu\src\main\webapp\img\
2015-05-28 08:43 [ INFO]             ContextLoader:   182 - Root WebApplicationContext: initialization started
2015-05-28 08:43 [ INFO]  XmlWebApplicationContext:   447 - Refreshing Root WebApplicationContext: startup date [Thu May 28 08:43:37 EEST 2015]; root of context hierarchy
2015-05-28 08:43 [ INFO]   XmlBeanDefinitionReader:   315 - Loading XML bean definitions from ServletContext resource [/WEB-INF/applicationContext.xml]
2015-05-28 08:43 [ INFO]   XmlBeanDefinitionReader:   315 - Loading XML bean definitions from URL [jndi:/localhost/WEB-INF/hibernate.xml]
2015-05-28 08:43 [ INFO]   XmlBeanDefinitionReader:   315 - Loading XML bean definitions from URL [jndi:/localhost/WEB-INF/service.xml]
2015-05-28 08:43 [ INFO] PropertyPlaceholderConfigurer:   177 - Loading properties file from ServletContext resource [/WEB-INF/db.properties]
2015-05-28 08:43 [ INFO] DefaultListableBeanFactory:   533 - Pre-instantiating singletons in org.springframework.beans.factory.support.DefaultListableBeanFactory@147d006: defining beans [cityDao,userDao,answerService,cityService,countryService,questionService,userService,userCityService,cityWebService,org.springframework.context.annotation.internalConfigurationAnnotationProcessor,org.springframework.context.annotation.internalAutowiredAnnotationProcessor,org.springframework.context.annotation.internalRequiredAnnotationProcessor,org.springframework.context.annotation.internalCommonAnnotationProcessor,org.springframework.context.annotation.internalPersistenceAnnotationProcessor,org.springframework.aop.config.internalAutoProxyCreator,org.springframework.transaction.annotation.AnnotationTransactionAttributeSource#0,org.springframework.transaction.interceptor.TransactionInterceptor#0,org.springframework.transaction.config.internalTransactionAdvisor,org.springframework.beans.factory.config.PropertyPlaceholderConfigurer#0,dataSource,sessionFactory,transactionManager]; root of factory hierarchy
2015-05-28 08:43 [ INFO] DefaultListableBeanFactory:   421 - Destroying singletons in org.springframework.beans.factory.support.DefaultListableBeanFactory@147d006: defining beans [cityDao,userDao,answerService,cityService,countryService,questionService,userService,userCityService,cityWebService,org.springframework.context.annotation.internalConfigurationAnnotationProcessor,org.springframework.context.annotation.internalAutowiredAnnotationProcessor,org.springframework.context.annotation.internalRequiredAnnotationProcessor,org.springframework.context.annotation.internalCommonAnnotationProcessor,org.springframework.context.annotation.internalPersistenceAnnotationProcessor,org.springframework.aop.config.internalAutoProxyCreator,org.springframework.transaction.annotation.AnnotationTransactionAttributeSource#0,org.springframework.transaction.interceptor.TransactionInterceptor#0,org.springframework.transaction.config.internalTransactionAdvisor,org.springframework.beans.factory.config.PropertyPlaceholderConfigurer#0,dataSource,sessionFactory,transactionManager]; root of factory hierarchy
2015-05-28 08:43 [ERROR]             ContextLoader:   208 - Context initialization failed
org.springframework.beans.factory.BeanCreationException: Error creating bean with name 'cityDao': Injection of autowired dependencies failed; nested exception is org.springframework.beans.factory.BeanCreationException: Could not autowire method: public void ua.laposhko.hmt.dao.generic.city.CityDao.setSessionFactory(org.hibernate.SessionFactory); nested exception is org.springframework.beans.factory.CannotLoadBeanClassException: Cannot find class [org.springframework.orm.hibernate4.LocalSessionFactoryBean] for bean with name 'sessionFactory' defined in URL [jndi:/localhost/WEB-INF/hibernate.xml]; nested exception is java.lang.ClassNotFoundException: org.springframework.orm.hibernate4.LocalSessionFactoryBean
	at org.springframework.beans.factory.annotation.AutowiredAnnotationBeanPostProcessor.postProcessPropertyValues(AutowiredAnnotationBeanPostProcessor.java:283)
	at org.springframework.beans.factory.support.AbstractAutowireCapableBeanFactory.populateBean(AbstractAutowireCapableBeanFactory.java:1055)
	at org.springframework.beans.factory.support.AbstractAutowireCapableBeanFactory.doCreateBean(AbstractAutowireCapableBeanFactory.java:511)
	at org.springframework.beans.factory.support.AbstractAutowireCapableBeanFactory.createBean(AbstractAutowireCapableBeanFactory.java:450)
	at org.springframework.beans.factory.support.AbstractBeanFactory$1.getObject(AbstractBeanFactory.java:289)
	at org.springframework.beans.factory.support.DefaultSingletonBeanRegistry.getSingleton(DefaultSingletonBeanRegistry.java:222)
	at org.springframework.beans.factory.support.AbstractBeanFactory.doGetBean(AbstractBeanFactory.java:286)
	at org.springframework.beans.factory.support.AbstractBeanFactory.getBean(AbstractBeanFactory.java:188)
	at org.springframework.beans.factory.support.DefaultListableBeanFactory.preInstantiateSingletons(DefaultListableBeanFactory.java:558)
	at org.springframework.context.support.AbstractApplicationContext.finishBeanFactoryInitialization(AbstractApplicationContext.java:842)
	at org.springframework.context.support.AbstractApplicationContext.refresh(AbstractApplicationContext.java:416)
	at org.springframework.web.context.ContextLoader.createWebApplicationContext(ContextLoader.java:261)
	at org.springframework.web.context.ContextLoader.initWebApplicationContext(ContextLoader.java:192)
	at org.springframework.web.context.ContextLoaderListener.contextInitialized(ContextLoaderListener.java:47)
	at org.apache.catalina.core.StandardContext.listenerStart(StandardContext.java:4939)
	at org.apache.catalina.core.StandardContext.startInternal(StandardContext.java:5434)
	at org.apache.catalina.util.LifecycleBase.start(LifecycleBase.java:150)
	at org.apache.catalina.core.ContainerBase$StartChild.call(ContainerBase.java:1559)
	at org.apache.catalina.core.ContainerBase$StartChild.call(ContainerBase.java:1549)
	at java.util.concurrent.FutureTask.run(FutureTask.java:262)
	at java.util.concurrent.ThreadPoolExecutor.runWorker(ThreadPoolExecutor.java:1145)
	at java.util.concurrent.ThreadPoolExecutor$Worker.run(ThreadPoolExecutor.java:615)
	at java.lang.Thread.run(Thread.java:745)
Caused by: org.springframework.beans.factory.BeanCreationException: Could not autowire method: public void ua.laposhko.hmt.dao.generic.city.CityDao.setSessionFactory(org.hibernate.SessionFactory); nested exception is org.springframework.beans.factory.CannotLoadBeanClassException: Cannot find class [org.springframework.orm.hibernate4.LocalSessionFactoryBean] for bean with name 'sessionFactory' defined in URL [jndi:/localhost/WEB-INF/hibernate.xml]; nested exception is java.lang.ClassNotFoundException: org.springframework.orm.hibernate4.LocalSessionFactoryBean
	at org.springframework.beans.factory.annotation.AutowiredAnnotationBeanPostProcessor$AutowiredMethodElement.inject(AutowiredAnnotationBeanPostProcessor.java:605)
	at org.springframework.beans.factory.annotation.InjectionMetadata.inject(InjectionMetadata.java:84)
	at org.springframework.beans.factory.annotation.AutowiredAnnotationBeanPostProcessor.postProcessPropertyValues(AutowiredAnnotationBeanPostProcessor.java:280)
	... 22 more
Caused by: org.springframework.beans.factory.CannotLoadBeanClassException: Cannot find class [org.springframework.orm.hibernate4.LocalSessionFactoryBean] for bean with name 'sessionFactory' defined in URL [jndi:/localhost/WEB-INF/hibernate.xml]; nested exception is java.lang.ClassNotFoundException: org.springframework.orm.hibernate4.LocalSessionFactoryBean
	at org.springframework.beans.factory.support.AbstractBeanFactory.resolveBeanClass(AbstractBeanFactory.java:1220)
	at org.springframework.beans.factory.support.AbstractAutowireCapableBeanFactory.predictBeanType(AbstractAutowireCapableBeanFactory.java:568)
	at org.springframework.beans.factory.support.AbstractBeanFactory.isFactoryBean(AbstractBeanFactory.java:1290)
	at org.springframework.beans.factory.support.DefaultListableBeanFactory.getBeanNamesForType(DefaultListableBeanFactory.java:300)
	at org.springframework.beans.factory.BeanFactoryUtils.beanNamesForTypeIncludingAncestors(BeanFactoryUtils.java:185)
	at org.springframework.beans.factory.support.DefaultListableBeanFactory.findAutowireCandidates(DefaultListableBeanFactory.java:806)
	at org.springframework.beans.factory.support.DefaultListableBeanFactory.doResolveDependency(DefaultListableBeanFactory.java:763)
	at org.springframework.beans.factory.support.DefaultListableBeanFactory.resolveDependency(DefaultListableBeanFactory.java:681)
	at org.springframework.beans.factory.annotation.AutowiredAnnotationBeanPostProcessor$AutowiredMethodElement.inject(AutowiredAnnotationBeanPostProcessor.java:556)
	... 24 more
Caused by: java.lang.ClassNotFoundException: org.springframework.orm.hibernate4.LocalSessionFactoryBean
	at org.apache.catalina.loader.WebappClassLoader.loadClass(WebappClassLoader.java:1702)
	at org.apache.catalina.loader.WebappClassLoader.loadClass(WebappClassLoader.java:1547)
	at org.springframework.util.ClassUtils.forName(ClassUtils.java:258)
	at org.springframework.beans.factory.support.AbstractBeanDefinition.resolveBeanClass(AbstractBeanDefinition.java:408)
	at org.springframework.beans.factory.support.AbstractBeanFactory.doResolveBeanClass(AbstractBeanFactory.java:1242)
	at org.springframework.beans.factory.support.AbstractBeanFactory.resolveBeanClass(AbstractBeanFactory.java:1212)
	... 32 more
2015-05-28 08:43 [ INFO]           ContextListener:    24 - Context destroing.
2015-05-28 08:46 [DEBUG]                ImageSaver:   116 - Image folder is set to M:\Универ\Archive\5 семестр\АППО\HelpMeTravel\aoeu\src\main\webapp\
2015-05-28 08:46 [ INFO]           ContextListener:    49 - image is set to M:\Универ\Archive\5 семестр\АППО\HelpMeTravel\aoeu\src\main\webapp\img\
2015-05-28 08:46 [ INFO]             ContextLoader:   182 - Root WebApplicationContext: initialization started
2015-05-28 08:46 [ INFO]  XmlWebApplicationContext:   447 - Refreshing Root WebApplicationContext: startup date [Thu May 28 08:46:44 EEST 2015]; root of context hierarchy
2015-05-28 08:46 [ INFO]   XmlBeanDefinitionReader:   315 - Loading XML bean definitions from ServletContext resource [/WEB-INF/applicationContext.xml]
2015-05-28 08:46 [ INFO]   XmlBeanDefinitionReader:   315 - Loading XML bean definitions from URL [jndi:/localhost/WEB-INF/hibernate.xml]
2015-05-28 08:46 [ INFO]   XmlBeanDefinitionReader:   315 - Loading XML bean definitions from URL [jndi:/localhost/WEB-INF/service.xml]
2015-05-28 08:46 [ INFO] PropertyPlaceholderConfigurer:   177 - Loading properties file from ServletContext resource [/WEB-INF/db.properties]
2015-05-28 08:46 [ INFO] DefaultListableBeanFactory:   533 - Pre-instantiating singletons in org.springframework.beans.factory.support.DefaultListableBeanFactory@15c1a16: defining beans [cityDao,userDao,answerService,cityService,countryService,questionService,userService,userCityService,cityWebService,org.springframework.context.annotation.internalConfigurationAnnotationProcessor,org.springframework.context.annotation.internalAutowiredAnnotationProcessor,org.springframework.context.annotation.internalRequiredAnnotationProcessor,org.springframework.context.annotation.internalCommonAnnotationProcessor,org.springframework.context.annotation.internalPersistenceAnnotationProcessor,org.springframework.aop.config.internalAutoProxyCreator,org.springframework.transaction.annotation.AnnotationTransactionAttributeSource#0,org.springframework.transaction.interceptor.TransactionInterceptor#0,org.springframework.transaction.config.internalTransactionAdvisor,org.springframework.beans.factory.config.PropertyPlaceholderConfigurer#0,dataSource,sessionFactory,transactionManager]; root of factory hierarchy
2015-05-28 08:46 [ INFO]                      MLog:    92 - MLog clients using log4j logging.
2015-05-28 08:46 [ INFO]              C3P0Registry:   216 - Initializing c3p0-0.9.2.1 [built 20-March-2013 10:47:27 +0000; debug? true; trace: 10]
2015-05-28 08:46 [ INFO] DefaultListableBeanFactory:   421 - Destroying singletons in org.springframework.beans.factory.support.DefaultListableBeanFactory@15c1a16: defining beans [cityDao,userDao,answerService,cityService,countryService,questionService,userService,userCityService,cityWebService,org.springframework.context.annotation.internalConfigurationAnnotationProcessor,org.springframework.context.annotation.internalAutowiredAnnotationProcessor,org.springframework.context.annotation.internalRequiredAnnotationProcessor,org.springframework.context.annotation.internalCommonAnnotationProcessor,org.springframework.context.annotation.internalPersistenceAnnotationProcessor,org.springframework.aop.config.internalAutoProxyCreator,org.springframework.transaction.annotation.AnnotationTransactionAttributeSource#0,org.springframework.transaction.interceptor.TransactionInterceptor#0,org.springframework.transaction.config.internalTransactionAdvisor,org.springframework.beans.factory.config.PropertyPlaceholderConfigurer#0,dataSource,sessionFactory,transactionManager]; root of factory hierarchy
2015-05-28 08:46 [ERROR]             ContextLoader:   208 - Context initialization failed
org.springframework.beans.factory.BeanCreationException: Error creating bean with name 'cityDao': Injection of autowired dependencies failed; nested exception is org.springframework.beans.factory.BeanCreationException: Could not autowire method: public void ua.laposhko.hmt.dao.generic.city.CityDao.setSessionFactory(org.hibernate.SessionFactory); nested exception is org.springframework.beans.factory.BeanCreationException: Error creating bean with name 'sessionFactory' defined in URL [jndi:/localhost/WEB-INF/hibernate.xml]: Cannot resolve reference to bean 'dataSource' while setting bean property 'dataSource'; nested exception is org.springframework.beans.factory.BeanCreationException: Error creating bean with name 'dataSource' defined in URL [jndi:/localhost/WEB-INF/hibernate.xml]: Initialization of bean failed; nested exception is java.lang.NoSuchMethodError: org.springframework.core.annotation.AnnotationUtils.getAnnotation(Ljava/lang/reflect/AnnotatedElement;Ljava/lang/Class;)Ljava/lang/annotation/Annotation;
	at org.springframework.beans.factory.annotation.AutowiredAnnotationBeanPostProcessor.postProcessPropertyValues(AutowiredAnnotationBeanPostProcessor.java:283)
	at org.springframework.beans.factory.support.AbstractAutowireCapableBeanFactory.populateBean(AbstractAutowireCapableBeanFactory.java:1055)
	at org.springframework.beans.factory.support.AbstractAutowireCapableBeanFactory.doCreateBean(AbstractAutowireCapableBeanFactory.java:511)
	at org.springframework.beans.factory.support.AbstractAutowireCapableBeanFactory.createBean(AbstractAutowireCapableBeanFactory.java:450)
	at org.springframework.beans.factory.support.AbstractBeanFactory$1.getObject(AbstractBeanFactory.java:289)
	at org.springframework.beans.factory.support.DefaultSingletonBeanRegistry.getSingleton(DefaultSingletonBeanRegistry.java:222)
	at org.springframework.beans.factory.support.AbstractBeanFactory.doGetBean(AbstractBeanFactory.java:286)
	at org.springframework.beans.factory.support.AbstractBeanFactory.getBean(AbstractBeanFactory.java:188)
	at org.springframework.beans.factory.support.DefaultListableBeanFactory.preInstantiateSingletons(DefaultListableBeanFactory.java:558)
	at org.springframework.context.support.AbstractApplicationContext.finishBeanFactoryInitialization(AbstractApplicationContext.java:842)
	at org.springframework.context.support.AbstractApplicationContext.refresh(AbstractApplicationContext.java:416)
	at org.springframework.web.context.ContextLoader.createWebApplicationContext(ContextLoader.java:261)
	at org.springframework.web.context.ContextLoader.initWebApplicationContext(ContextLoader.java:192)
	at org.springframework.web.context.ContextLoaderListener.contextInitialized(ContextLoaderListener.java:47)
	at org.apache.catalina.core.StandardContext.listenerStart(StandardContext.java:4939)
	at org.apache.catalina.core.StandardContext.startInternal(StandardContext.java:5434)
	at org.apache.catalina.util.LifecycleBase.start(LifecycleBase.java:150)
	at org.apache.catalina.core.ContainerBase$StartChild.call(ContainerBase.java:1559)
	at org.apache.catalina.core.ContainerBase$StartChild.call(ContainerBase.java:1549)
	at java.util.concurrent.FutureTask.run(FutureTask.java:262)
	at java.util.concurrent.ThreadPoolExecutor.runWorker(ThreadPoolExecutor.java:1145)
	at java.util.concurrent.ThreadPoolExecutor$Worker.run(ThreadPoolExecutor.java:615)
	at java.lang.Thread.run(Thread.java:745)
Caused by: org.springframework.beans.factory.BeanCreationException: Could not autowire method: public void ua.laposhko.hmt.dao.generic.city.CityDao.setSessionFactory(org.hibernate.SessionFactory); nested exception is org.springframework.beans.factory.BeanCreationException: Error creating bean with name 'sessionFactory' defined in URL [jndi:/localhost/WEB-INF/hibernate.xml]: Cannot resolve reference to bean 'dataSource' while setting bean property 'dataSource'; nested exception is org.springframework.beans.factory.BeanCreationException: Error creating bean with name 'dataSource' defined in URL [jndi:/localhost/WEB-INF/hibernate.xml]: Initialization of bean failed; nested exception is java.lang.NoSuchMethodError: org.springframework.core.annotation.AnnotationUtils.getAnnotation(Ljava/lang/reflect/AnnotatedElement;Ljava/lang/Class;)Ljava/lang/annotation/Annotation;
	at org.springframework.beans.factory.annotation.AutowiredAnnotationBeanPostProcessor$AutowiredMethodElement.inject(AutowiredAnnotationBeanPostProcessor.java:605)
	at org.springframework.beans.factory.annotation.InjectionMetadata.inject(InjectionMetadata.java:84)
	at org.springframework.beans.factory.annotation.AutowiredAnnotationBeanPostProcessor.postProcessPropertyValues(AutowiredAnnotationBeanPostProcessor.java:280)
	... 22 more
Caused by: org.springframework.beans.factory.BeanCreationException: Error creating bean with name 'sessionFactory' defined in URL [jndi:/localhost/WEB-INF/hibernate.xml]: Cannot resolve reference to bean 'dataSource' while setting bean property 'dataSource'; nested exception is org.springframework.beans.factory.BeanCreationException: Error creating bean with name 'dataSource' defined in URL [jndi:/localhost/WEB-INF/hibernate.xml]: Initialization of bean failed; nested exception is java.lang.NoSuchMethodError: org.springframework.core.annotation.AnnotationUtils.getAnnotation(Ljava/lang/reflect/AnnotatedElement;Ljava/lang/Class;)Ljava/lang/annotation/Annotation;
	at org.springframework.beans.factory.support.BeanDefinitionValueResolver.resolveReference(BeanDefinitionValueResolver.java:328)
	at org.springframework.beans.factory.support.BeanDefinitionValueResolver.resolveValueIfNecessary(BeanDefinitionValueResolver.java:106)
	at org.springframework.beans.factory.support.AbstractAutowireCapableBeanFactory.applyPropertyValues(AbstractAutowireCapableBeanFactory.java:1305)
	at org.springframework.beans.factory.support.AbstractAutowireCapableBeanFactory.populateBean(AbstractAutowireCapableBeanFactory.java:1067)
	at org.springframework.beans.factory.support.AbstractAutowireCapableBeanFactory.doCreateBean(AbstractAutowireCapableBeanFactory.java:511)
	at org.springframework.beans.factory.support.AbstractAutowireCapableBeanFactory.createBean(AbstractAutowireCapableBeanFactory.java:450)
	at org.springframework.beans.factory.support.AbstractBeanFactory$1.getObject(AbstractBeanFactory.java:289)
	at org.springframework.beans.factory.support.DefaultSingletonBeanRegistry.getSingleton(DefaultSingletonBeanRegistry.java:222)
	at org.springframework.beans.factory.support.AbstractBeanFactory.doGetBean(AbstractBeanFactory.java:286)
	at org.springframework.beans.factory.support.AbstractBeanFactory.getBean(AbstractBeanFactory.java:188)
	at org.springframework.beans.factory.support.DefaultListableBeanFactory.findAutowireCandidates(DefaultListableBeanFactory.java:821)
	at org.springframework.beans.factory.support.DefaultListableBeanFactory.doResolveDependency(DefaultListableBeanFactory.java:763)
	at org.springframework.beans.factory.support.DefaultListableBeanFactory.resolveDependency(DefaultListableBeanFactory.java:681)
	at org.springframework.beans.factory.annotation.AutowiredAnnotationBeanPostProcessor$AutowiredMethodElement.inject(AutowiredAnnotationBeanPostProcessor.java:556)
	... 24 more
Caused by: org.springframework.beans.factory.BeanCreationException: Error creating bean with name 'dataSource' defined in URL [jndi:/localhost/WEB-INF/hibernate.xml]: Initialization of bean failed; nested exception is java.lang.NoSuchMethodError: org.springframework.core.annotation.AnnotationUtils.getAnnotation(Ljava/lang/reflect/AnnotatedElement;Ljava/lang/Class;)Ljava/lang/annotation/Annotation;
	at org.springframework.beans.factory.support.AbstractAutowireCapableBeanFactory.doCreateBean(AbstractAutowireCapableBeanFactory.java:519)
	at org.springframework.beans.factory.support.AbstractAutowireCapableBeanFactory.createBean(AbstractAutowireCapableBeanFactory.java:450)
	at org.springframework.beans.factory.support.AbstractBeanFactory$1.getObject(AbstractBeanFactory.java:289)
	at org.springframework.beans.factory.support.DefaultSingletonBeanRegistry.getSingleton(DefaultSingletonBeanRegistry.java:222)
	at org.springframework.beans.factory.support.AbstractBeanFactory.doGetBean(AbstractBeanFactory.java:286)
	at org.springframework.beans.factory.support.AbstractBeanFactory.getBean(AbstractBeanFactory.java:188)
	at org.springframework.beans.factory.support.BeanDefinitionValueResolver.resolveReference(BeanDefinitionValueResolver.java:322)
	... 37 more
Caused by: java.lang.NoSuchMethodError: org.springframework.core.annotation.AnnotationUtils.getAnnotation(Ljava/lang/reflect/AnnotatedElement;Ljava/lang/Class;)Ljava/lang/annotation/Annotation;
	at org.springframework.transaction.annotation.SpringTransactionAnnotationParser.parseTransactionAnnotation(SpringTransactionAnnotationParser.java:38)
	at org.springframework.transaction.annotation.AnnotationTransactionAttributeSource.determineTransactionAttribute(AnnotationTransactionAttributeSource.java:134)
	at org.springframework.transaction.annotation.AnnotationTransactionAttributeSource.findTransactionAttribute(AnnotationTransactionAttributeSource.java:113)
	at org.springframework.transaction.interceptor.AbstractFallbackTransactionAttributeSource.computeTransactionAttribute(AbstractFallbackTransactionAttributeSource.java:146)
	at org.springframework.transaction.interceptor.AbstractFallbackTransactionAttributeSource.getTransactionAttribute(AbstractFallbackTransactionAttributeSource.java:99)
	at org.springframework.transaction.interceptor.TransactionAttributeSourcePointcut.matches(TransactionAttributeSourcePointcut.java:36)
	at org.springframework.aop.support.AopUtils.canApply(AopUtils.java:215)
	at org.springframework.aop.support.AopUtils.canApply(AopUtils.java:252)
	at org.springframework.aop.support.AopUtils.findAdvisorsThatCanApply(AopUtils.java:284)
	at org.springframework.aop.framework.autoproxy.AbstractAdvisorAutoProxyCreator.findAdvisorsThatCanApply(AbstractAdvisorAutoProxyCreator.java:117)
	at org.springframework.aop.framework.autoproxy.AbstractAdvisorAutoProxyCreator.findEligibleAdvisors(AbstractAdvisorAutoProxyCreator.java:87)
	at org.springframework.aop.framework.autoproxy.AbstractAdvisorAutoProxyCreator.getAdvicesAndAdvisorsForBean(AbstractAdvisorAutoProxyCreator.java:68)
	at org.springframework.aop.framework.autoproxy.AbstractAutoProxyCreator.wrapIfNecessary(AbstractAutoProxyCreator.java:359)
	at org.springframework.aop.framework.autoproxy.AbstractAutoProxyCreator.postProcessAfterInitialization(AbstractAutoProxyCreator.java:322)
	at org.springframework.beans.factory.support.AbstractAutowireCapableBeanFactory.applyBeanPostProcessorsAfterInitialization(AbstractAutowireCapableBeanFactory.java:404)
	at org.springframework.beans.factory.support.AbstractAutowireCapableBeanFactory.initializeBean(AbstractAutowireCapableBeanFactory.java:1407)
	at org.springframework.beans.factory.support.AbstractAutowireCapableBeanFactory.doCreateBean(AbstractAutowireCapableBeanFactory.java:512)
	... 43 more
2015-05-28 08:46 [ INFO]           ContextListener:    24 - Context destroing.
2015-05-28 08:48 [DEBUG]                ImageSaver:   116 - Image folder is set to M:\Универ\Archive\5 семестр\АППО\HelpMeTravel\aoeu\src\main\webapp\
2015-05-28 08:48 [ INFO]           ContextListener:    49 - image is set to M:\Универ\Archive\5 семестр\АППО\HelpMeTravel\aoeu\src\main\webapp\img\
2015-05-28 08:48 [ INFO]             ContextLoader:   182 - Root WebApplicationContext: initialization started
2015-05-28 08:48 [ INFO]  XmlWebApplicationContext:   447 - Refreshing Root WebApplicationContext: startup date [Thu May 28 08:48:37 EEST 2015]; root of context hierarchy
2015-05-28 08:48 [ INFO]   XmlBeanDefinitionReader:   315 - Loading XML bean definitions from ServletContext resource [/WEB-INF/applicationContext.xml]
2015-05-28 08:48 [ INFO]   XmlBeanDefinitionReader:   315 - Loading XML bean definitions from URL [jndi:/localhost/WEB-INF/hibernate.xml]
2015-05-28 08:48 [ INFO]   XmlBeanDefinitionReader:   315 - Loading XML bean definitions from URL [jndi:/localhost/WEB-INF/service.xml]
2015-05-28 08:48 [ERROR]             ContextLoader:   213 - Context initialization failed
java.lang.NoClassDefFoundError: org/springframework/core/SpringProperties
	at org.springframework.expression.spel.SpelParserConfiguration.<clinit>(SpelParserConfiguration.java:36)
	at org.springframework.expression.spel.standard.SpelExpressionParser.<init>(SpelExpressionParser.java:41)
	at org.springframework.context.expression.StandardBeanExpressionResolver.<init>(StandardBeanExpressionResolver.java:61)
	at org.springframework.context.support.AbstractApplicationContext.prepareBeanFactory(AbstractApplicationContext.java:474)
	at org.springframework.context.support.AbstractApplicationContext.refresh(AbstractApplicationContext.java:391)
	at org.springframework.web.context.ContextLoader.createWebApplicationContext(ContextLoader.java:261)
	at org.springframework.web.context.ContextLoader.initWebApplicationContext(ContextLoader.java:192)
	at org.springframework.web.context.ContextLoaderListener.contextInitialized(ContextLoaderListener.java:47)
	at org.apache.catalina.core.StandardContext.listenerStart(StandardContext.java:4939)
	at org.apache.catalina.core.StandardContext.startInternal(StandardContext.java:5434)
	at org.apache.catalina.util.LifecycleBase.start(LifecycleBase.java:150)
	at org.apache.catalina.core.ContainerBase$StartChild.call(ContainerBase.java:1559)
	at org.apache.catalina.core.ContainerBase$StartChild.call(ContainerBase.java:1549)
	at java.util.concurrent.FutureTask.run(FutureTask.java:262)
	at java.util.concurrent.ThreadPoolExecutor.runWorker(ThreadPoolExecutor.java:1145)
	at java.util.concurrent.ThreadPoolExecutor$Worker.run(ThreadPoolExecutor.java:615)
	at java.lang.Thread.run(Thread.java:745)
Caused by: java.lang.ClassNotFoundException: org.springframework.core.SpringProperties
	at org.apache.catalina.loader.WebappClassLoader.loadClass(WebappClassLoader.java:1702)
	at org.apache.catalina.loader.WebappClassLoader.loadClass(WebappClassLoader.java:1547)
	... 17 more
2015-05-28 08:48 [ INFO]           ContextListener:    24 - Context destroing.
